{
  "RSpec": {
    "coverage": {
      "/Users/ginnythomas/Documents/Projects/Makers-Bootcamp/Team-Project/acebook-blue-magpies/spec/controllers/posts_controller_spec.rb": {
        "lines": [
          1,
          null,
          1,
          1,
          1,
          1,
          1,
          null,
          null,
          null,
          1,
          1,
          2,
          2,
          null,
          null,
          1,
          1,
          1,
          null,
          null,
          1,
          1,
          1,
          null,
          null,
          null,
          1,
          1,
          1,
          1,
          null,
          null,
          null
        ]
      },
      "/Users/ginnythomas/Documents/Projects/Makers-Bootcamp/Team-Project/acebook-blue-magpies/spec/rails_helper.rb": {
        "lines": [
          null,
          1,
          1,
          null,
          1,
          1,
          1,
          null,
          null,
          null,
          null,
          null,
          null,
          null,
          null,
          null,
          null,
          null,
          null,
          null,
          null,
          null,
          null,
          null,
          null,
          null,
          1,
          null,
          1,
          null,
          1,
          null,
          null,
          null,
          null,
          1,
          null,
          null,
          null,
          null,
          null,
          null,
          null,
          null,
          null,
          null,
          null,
          null,
          null,
          null,
          1,
          null,
          null,
          1,
          null,
          null,
          null
        ]
      },
      "/Users/ginnythomas/Documents/Projects/Makers-Bootcamp/Team-Project/acebook-blue-magpies/config/environment.rb": {
        "lines": [
          null,
          1,
          null,
          null,
          1
        ]
      },
      "/Users/ginnythomas/Documents/Projects/Makers-Bootcamp/Team-Project/acebook-blue-magpies/config/application.rb": {
        "lines": [
          1,
          null,
          1,
          null,
          null,
          null,
          1,
          null,
          1,
          1,
          null,
          1,
          null,
          null,
          null,
          null,
          null,
          null
        ]
      },
      "/Users/ginnythomas/Documents/Projects/Makers-Bootcamp/Team-Project/acebook-blue-magpies/config/boot.rb": {
        "lines": [
          1,
          null,
          1
        ]
      },
      "/Users/ginnythomas/Documents/Projects/Makers-Bootcamp/Team-Project/acebook-blue-magpies/config/environments/test.rb": {
        "lines": [
          1,
          null,
          null,
          null,
          null,
          null,
          null,
          1,
          null,
          null,
          null,
          null,
          1,
          null,
          null,
          1,
          1,
          null,
          null,
          null,
          null,
          1,
          1,
          null,
          null,
          1,
          null,
          null,
          1,
          1,
          null,
          null,
          null,
          null,
          1,
          null,
          null,
          1,
          null,
          1,
          null,
          null,
          null,
          null
        ]
      },
      "/Users/ginnythomas/Documents/Projects/Makers-Bootcamp/Team-Project/acebook-blue-magpies/config/initializers/application_controller_renderer.rb": {
        "lines": [
          null,
          null,
          null,
          null,
          null,
          null
        ]
      },
      "/Users/ginnythomas/Documents/Projects/Makers-Bootcamp/Team-Project/acebook-blue-magpies/config/initializers/assets.rb": {
        "lines": [
          null,
          null,
          null,
          1,
          null,
          null,
          null,
          null,
          1,
          null,
          null,
          null,
          null,
          null
        ]
      },
      "/Users/ginnythomas/Documents/Projects/Makers-Bootcamp/Team-Project/acebook-blue-magpies/config/initializers/backtrace_silencers.rb": {
        "lines": [
          null,
          null,
          null,
          null,
          null,
          null,
          null
        ]
      },
      "/Users/ginnythomas/Documents/Projects/Makers-Bootcamp/Team-Project/acebook-blue-magpies/config/initializers/cookies_serializer.rb": {
        "lines": [
          null,
          null,
          null,
          null,
          1
        ]
      },
      "/Users/ginnythomas/Documents/Projects/Makers-Bootcamp/Team-Project/acebook-blue-magpies/config/initializers/filter_parameter_logging.rb": {
        "lines": [
          null,
          null,
          null,
          1
        ]
      },
      "/Users/ginnythomas/Documents/Projects/Makers-Bootcamp/Team-Project/acebook-blue-magpies/config/initializers/inflections.rb": {
        "lines": [
          null,
          null,
          null,
          null,
          null,
          null,
          null,
          null,
          null,
          null,
          null,
          null,
          null,
          null,
          null,
          null
        ]
      },
      "/Users/ginnythomas/Documents/Projects/Makers-Bootcamp/Team-Project/acebook-blue-magpies/config/initializers/mime_types.rb": {
        "lines": [
          null,
          null,
          null,
          null
        ]
      },
      "/Users/ginnythomas/Documents/Projects/Makers-Bootcamp/Team-Project/acebook-blue-magpies/config/initializers/wrap_parameters.rb": {
        "lines": [
          null,
          null,
          null,
          null,
          null,
          null,
          1,
          2,
          null,
          null,
          null,
          null,
          null,
          null
        ]
      },
      "/Users/ginnythomas/Documents/Projects/Makers-Bootcamp/Team-Project/acebook-blue-magpies/config/routes.rb": {
        "lines": [
          1,
          1,
          null,
          null,
          null,
          null,
          1,
          null,
          null,
          1,
          1,
          1,
          1,
          1,
          1,
          null,
          null,
          null,
          1,
          1,
          1,
          null,
          null,
          null
        ]
      },
      "/Users/ginnythomas/Documents/Projects/Makers-Bootcamp/Team-Project/acebook-blue-magpies/app/helpers/application_helper.rb": {
        "lines": [
          1,
          null,
          1,
          2,
          null,
          null,
          1,
          2,
          null,
          null,
          null,
          null,
          null,
          null,
          null,
          null,
          null
        ]
      },
      "/Users/ginnythomas/Documents/Projects/Makers-Bootcamp/Team-Project/acebook-blue-magpies/app/helpers/comments_helper.rb": {
        "lines": [
          1,
          null
        ]
      },
      "/Users/ginnythomas/Documents/Projects/Makers-Bootcamp/Team-Project/acebook-blue-magpies/app/helpers/likes_helper.rb": {
        "lines": [
          1,
          null
        ]
      },
      "/Users/ginnythomas/Documents/Projects/Makers-Bootcamp/Team-Project/acebook-blue-magpies/app/helpers/users_helper.rb": {
        "lines": [
          1,
          null
        ]
      },
      "/Users/ginnythomas/Documents/Projects/Makers-Bootcamp/Team-Project/acebook-blue-magpies/app/controllers/posts_controller.rb": {
        "lines": [
          1,
          1,
          1,
          12,
          null,
          null,
          1,
          12,
          null,
          12,
          null,
          null,
          1,
          14,
          null,
          null,
          null,
          null,
          null,
          1,
          13,
          null,
          null,
          1,
          1,
          null,
          null,
          null,
          null,
          1,
          1,
          null,
          1,
          1,
          null,
          0,
          null,
          null,
          null,
          1,
          1,
          1,
          null,
          null,
          1,
          null,
          null,
          1,
          null,
          1,
          13,
          null,
          null,
          1,
          58,
          4,
          4,
          null,
          null,
          null,
          null
        ]
      },
      "/Users/ginnythomas/Documents/Projects/Makers-Bootcamp/Team-Project/acebook-blue-magpies/app/controllers/application_controller.rb": {
        "lines": [
          1,
          null,
          1,
          1,
          null,
          1,
          734,
          null,
          null,
          1,
          496,
          null,
          null,
          1,
          0,
          0,
          0,
          null,
          null,
          null
        ]
      },
      "/Users/ginnythomas/Documents/Projects/Makers-Bootcamp/Team-Project/acebook-blue-magpies/spec/features/can_add_comment_to_post_spec.rb": {
        "lines": [
          1,
          1,
          2,
          2,
          2,
          null,
          null,
          1,
          1,
          1,
          null,
          null,
          1,
          1,
          1,
          null,
          null
        ]
      },
      "/Users/ginnythomas/Documents/Projects/Makers-Bootcamp/Team-Project/acebook-blue-magpies/spec/features/friends_list_shows_on_user_profile_page_spec.rb": {
        "lines": [
          1,
          null,
          1,
          1,
          1,
          1,
          1,
          1,
          1,
          null,
          null
        ]
      },
      "/Users/ginnythomas/Documents/Projects/Makers-Bootcamp/Team-Project/acebook-blue-magpies/spec/features/navbar_spec.rb": {
        "lines": [
          1,
          1,
          5,
          null,
          null,
          1,
          1,
          1,
          null,
          null,
          1,
          1,
          1,
          1,
          1,
          1,
          null,
          null,
          1,
          1,
          1,
          null,
          null,
          1,
          1,
          1,
          1,
          null,
          null,
          1,
          1,
          1,
          1,
          1,
          null,
          null,
          1,
          4,
          4,
          null,
          null
        ]
      },
      "/Users/ginnythomas/Documents/Projects/Makers-Bootcamp/Team-Project/acebook-blue-magpies/spec/features/post_is_displayed_on_a_new_page_spec.rb": {
        "lines": [
          1,
          null,
          1,
          1,
          1,
          1,
          1,
          1,
          1,
          null,
          null,
          null,
          null,
          null,
          null,
          null,
          null,
          null
        ]
      },
      "/Users/ginnythomas/Documents/Projects/Makers-Bootcamp/Team-Project/acebook-blue-magpies/spec/features/posts_are_dislpayed_newest_first_spec.rb": {
        "lines": [
          1,
          null,
          1,
          1,
          1,
          1,
          1,
          1,
          1,
          null,
          null
        ]
      },
      "/Users/ginnythomas/Documents/Projects/Makers-Bootcamp/Team-Project/acebook-blue-magpies/spec/features/posts_can_be_liked_spec.rb": {
        "lines": [
          1,
          null,
          1,
          1,
          2,
          2,
          2,
          null,
          null,
          1,
          1,
          null,
          null,
          1,
          6,
          1,
          null,
          null
        ]
      },
      "/Users/ginnythomas/Documents/Projects/Makers-Bootcamp/Team-Project/acebook-blue-magpies/spec/features/sign_up_spec.rb": {
        "lines": [
          1,
          null,
          1,
          1,
          5,
          5,
          null,
          null,
          2,
          2,
          2,
          3,
          2,
          null,
          1,
          1,
          null,
          null,
          1,
          1,
          1,
          null,
          null,
          1,
          1,
          1,
          1,
          null,
          null,
          1,
          1,
          1,
          null,
          null,
          1,
          1,
          1,
          1,
          4,
          1,
          null,
          null,
          1,
          5,
          5,
          5,
          null,
          null,
          1,
          9,
          null,
          null
        ]
      },
      "/Users/ginnythomas/Documents/Projects/Makers-Bootcamp/Team-Project/acebook-blue-magpies/spec/features/user_can_edit_update_delete_posts_spec.rb": {
        "lines": [
          1,
          null,
          1,
          1,
          2,
          2,
          2,
          2,
          2,
          null,
          null,
          1,
          1,
          1,
          1,
          1,
          1,
          null,
          null,
          1,
          1,
          1,
          1,
          null,
          null
        ]
      },
      "/Users/ginnythomas/Documents/Projects/Makers-Bootcamp/Team-Project/acebook-blue-magpies/spec/features/user_can_log_in_spec.rb": {
        "lines": [
          1,
          null,
          1,
          1,
          1,
          1,
          null,
          null,
          1,
          1,
          1,
          null,
          null
        ]
      },
      "/Users/ginnythomas/Documents/Projects/Makers-Bootcamp/Team-Project/acebook-blue-magpies/spec/features/user_can_post_on_any_wall_spec.rb": {
        "lines": [
          1,
          null,
          1,
          1,
          1,
          1,
          1,
          null,
          null,
          1,
          1,
          1,
          1,
          null,
          null
        ]
      },
      "/Users/ginnythomas/Documents/Projects/Makers-Bootcamp/Team-Project/acebook-blue-magpies/spec/features/user_can_submit_posts_spec.rb": {
        "lines": [
          1,
          null,
          1,
          1,
          1,
          1,
          1,
          1,
          null,
          null
        ]
      },
      "/Users/ginnythomas/Documents/Projects/Makers-Bootcamp/Team-Project/acebook-blue-magpies/spec/features/user_profile_page_shows_users_posts_spec.rb": {
        "lines": [
          1,
          null,
          1,
          1,
          1,
          1,
          1,
          1,
          1,
          1,
          1,
          null,
          null
        ]
      },
      "/Users/ginnythomas/Documents/Projects/Makers-Bootcamp/Team-Project/acebook-blue-magpies/spec/features/user_receives_welcome_spec.rb": {
        "lines": [
          1,
          null,
          1,
          1,
          1,
          1,
          null,
          null
        ]
      },
      "/Users/ginnythomas/Documents/Projects/Makers-Bootcamp/Team-Project/acebook-blue-magpies/spec/helpers/application_helper_spec.rb": {
        "lines": [
          1,
          null,
          1,
          1,
          1,
          1,
          1,
          null,
          null,
          1,
          1,
          1,
          1,
          1,
          null,
          null
        ]
      },
      "/Users/ginnythomas/Documents/Projects/Makers-Bootcamp/Team-Project/acebook-blue-magpies/spec/helpers/comments_helper_spec.rb": {
        "lines": [
          1,
          null,
          null,
          null,
          null,
          null,
          null,
          null,
          null,
          null,
          null,
          null,
          1,
          null,
          null
        ]
      },
      "/Users/ginnythomas/Documents/Projects/Makers-Bootcamp/Team-Project/acebook-blue-magpies/spec/helpers/likes_helper_spec.rb": {
        "lines": [
          1,
          null,
          null,
          null,
          null,
          null,
          null,
          null,
          null,
          null,
          null,
          null,
          1,
          null,
          null
        ]
      },
      "/Users/ginnythomas/Documents/Projects/Makers-Bootcamp/Team-Project/acebook-blue-magpies/spec/helpers/users_helper_spec.rb": {
        "lines": [
          1,
          null,
          null,
          null,
          null,
          null,
          null,
          null,
          null,
          null,
          null,
          null,
          1,
          null,
          null
        ]
      },
      "/Users/ginnythomas/Documents/Projects/Makers-Bootcamp/Team-Project/acebook-blue-magpies/spec/models/comment_spec.rb": {
        "lines": [
          1,
          null,
          1,
          null,
          null
        ]
      },
      "/Users/ginnythomas/Documents/Projects/Makers-Bootcamp/Team-Project/acebook-blue-magpies/app/models/comment.rb": {
        "lines": [
          1,
          1,
          1,
          1,
          null
        ]
      },
      "/Users/ginnythomas/Documents/Projects/Makers-Bootcamp/Team-Project/acebook-blue-magpies/app/models/application_record.rb": {
        "lines": [
          1,
          1,
          null
        ]
      },
      "/Users/ginnythomas/Documents/Projects/Makers-Bootcamp/Team-Project/acebook-blue-magpies/spec/models/like_spec.rb": {
        "lines": [
          1,
          null,
          1,
          null,
          null
        ]
      },
      "/Users/ginnythomas/Documents/Projects/Makers-Bootcamp/Team-Project/acebook-blue-magpies/app/models/like.rb": {
        "lines": [
          1,
          1,
          null
        ]
      },
      "/Users/ginnythomas/Documents/Projects/Makers-Bootcamp/Team-Project/acebook-blue-magpies/spec/models/post_spec.rb": {
        "lines": [
          1,
          null,
          1,
          null,
          null
        ]
      },
      "/Users/ginnythomas/Documents/Projects/Makers-Bootcamp/Team-Project/acebook-blue-magpies/app/models/post.rb": {
        "lines": [
          1,
          null,
          1,
          1,
          1,
          1,
          1,
          1,
          1,
          null,
          1,
          0,
          null,
          null,
          1,
          1,
          null,
          null,
          null,
          13,
          0,
          0,
          null,
          null,
          null,
          null,
          null,
          null,
          null,
          null
        ]
      },
      "/Users/ginnythomas/Documents/Projects/Makers-Bootcamp/Team-Project/acebook-blue-magpies/spec/models/user_spec.rb": {
        "lines": [
          1,
          null,
          1,
          null,
          null
        ]
      },
      "/Users/ginnythomas/Documents/Projects/Makers-Bootcamp/Team-Project/acebook-blue-magpies/app/models/user.rb": {
        "lines": [
          1,
          null,
          null,
          1,
          null,
          1,
          1,
          1,
          null,
          null
        ]
      },
      "/Users/ginnythomas/Documents/Projects/Makers-Bootcamp/Team-Project/acebook-blue-magpies/spec/requests/comments_spec.rb": {
        "lines": [
          1,
          null,
          1,
          1,
          null,
          null,
          null
        ]
      },
      "/Users/ginnythomas/Documents/Projects/Makers-Bootcamp/Team-Project/acebook-blue-magpies/spec/requests/likes_spec.rb": {
        "lines": [
          1,
          null,
          1,
          1,
          null,
          null,
          null
        ]
      },
      "/Users/ginnythomas/Documents/Projects/Makers-Bootcamp/Team-Project/acebook-blue-magpies/spec/requests/users_spec.rb": {
        "lines": [
          1,
          null,
          1,
          1,
          1,
          null,
          null,
          null,
          null,
          null,
          null
        ]
      },
      "/Users/ginnythomas/Documents/Projects/Makers-Bootcamp/Team-Project/acebook-blue-magpies/spec/views/user/index.html.erb_spec.rb": {
        "lines": [
          1,
          null,
          1,
          null,
          null
        ]
      },
      "/Users/ginnythomas/Documents/Projects/Makers-Bootcamp/Team-Project/acebook-blue-magpies/app/controllers/sessions_controller.rb": {
        "lines": [
          null,
          1,
          1,
          20,
          null,
          20,
          19,
          19,
          19,
          19,
          null,
          null,
          1,
          1,
          null,
          null,
          null,
          1,
          null,
          2,
          2,
          null,
          null
        ]
      },
      "/Users/ginnythomas/Documents/Projects/Makers-Bootcamp/Team-Project/acebook-blue-magpies/app/controllers/users_controller.rb": {
        "lines": [
          1,
          1,
          1,
          null,
          null,
          1,
          25,
          25,
          null,
          null,
          1,
          54,
          54,
          54,
          54,
          null,
          null,
          null,
          1,
          26,
          null,
          26,
          19,
          19,
          19,
          19,
          null,
          7,
          7,
          null,
          null,
          null,
          1,
          null,
          1,
          26,
          null,
          null,
          1,
          null,
          null,
          null,
          1,
          54,
          0,
          0,
          null,
          null,
          null,
          null
        ]
      },
      "/Users/ginnythomas/Documents/Projects/Makers-Bootcamp/Team-Project/acebook-blue-magpies/app/controllers/comments_controller.rb": {
        "lines": [
          1,
          1,
          1,
          1,
          1,
          null,
          null,
          1,
          1,
          1,
          null,
          null
        ]
      },
      "/Users/ginnythomas/Documents/Projects/Makers-Bootcamp/Team-Project/acebook-blue-magpies/app/controllers/likes_controller.rb": {
        "lines": [
          1,
          null,
          1,
          null,
          1,
          5,
          5,
          null,
          null,
          null,
          null,
          null,
          null,
          null,
          null,
          null,
          null,
          null,
          null,
          1,
          null,
          1,
          5,
          null,
          null,
          null
        ]
      }
    },
    "timestamp": 1639563069
  }
}
